0
0
0
0
0
0
0
0
0
0
0
0
0
0
0
0
0
0
0
0
0
0
0
0
0
0
0
0
0
0
0
0
0
0
0
0
0
0
0
0
0
0
0
0
0
0
0
0
0
0
0
0
0
0
0
0
0
0
0
0
0
0
0
0
0
0
0
0
0
0
0
0
0
0
0
0
0
0
0
0
0
0
0
0
0
0
0
0
0
0
0
0
0
0
0
0
0
0
0
0
0
0
0
0
0
0
0
0
0
0
0
0
0
0
0
0
0
0
0
0
0
0
0
0
0
0
0
0
0
0
0
0
0
0
0
0
0
0
0
0
0
0
0
0
0
0
0
0
0
0
0
0
0
0
0
0
0
0
0
0
0
0
0
0
0
0
0
0
0
0
0
0
0
0
0
0
0
0
0
0
0
0
0
0
0
0
0
0
0
0
0
0
0
0
0
0
0
0
0
0
0
0
0
0
0
0
0
0
0
0
0
0
0
0
0
0
0
0
0
0
0
0
0
0
0
0
0
0
0
0
0
0
0
0
0
0
0
0
0
0
0
0
0
0
0
0
0
0
0
0
0
0
0
0
0
0
0
0
0
0
0
0
0
0
0
0
0
0
0
0
0
0
0
0
0
0
0
0
0
0
0
0
0
0
0
0
0
0
0
0
0
0
0
0
0
0
0
0
0
0
0
0
0
0
0
0
0
1
4
5
5
16
259
307
768
771
1823
2818
2819
8448
13091
65536
196608
327685
327711
328455
5177540
18285645
50478911
50532159
134217728
167808000
168296448
201326592
202113024
202178560
218103808
252182528
252641284
252645135
524287984
1062204591
2382367232
2400128000
4010675978
4010786575
4042256271
4294967296
4294967317
4295032917
4315878910
52604959731
68719476736
99042148350
206158430208
219043332415
347892350976
481036337152
755914244096
1052266987537
2199023266304
2203136815356
17592186044416
17729624997888
18910741008691
38693360382839
56328496100147
64884024799476
65017214991667
175921860444160
197907798045555
205746113388544
206154839932787
211101937626828
225094941068540
225176545455820
225176545457135
225177115873230
225395588779451
243211113134880
276196495523135
281251638472396
281505047183614
281608221235178
283119957014504
850472243952614
868610180077566
1351076465659871
1407392297911803
1407396363965303
1407397967978482
1970324851458048
3659178454421499
4521677144719360
4785585706303605
4875161543114864
5911382538519022
6486431358316704
14625618075277205
18014398509481984
22517998136852480
23925738092625920
23925884137903610
23944610184499319
26234338862772471
33626948235655052
33757790136168072
35748417258913792
47851546073498794
47982172336453504
54043195528445952
54043195528445952
55225389577876083
57420896537411584
57702371533979716
60001530647950131
67836564603928663
67871706026344448
70388167306318255
71214221374783488
71776494060969978
71777069819889146
72898711590846656
72936653567352896
76355859851836192
143578259175569408
144302105589481472
144302105757264384
216330015413958410
216382836031766719
287945572569579520
346495700536721407
376901586576932859
431787972237483955
576460754585124864
576460756345748467
720586939774465290
963694728751151098
1081478603351261392
2523138379772526592
3468036283060715520
3472540226285469696
3490557919034867760
4252233333471851519
4552004182684335475
4553126852704600064
4611369362308202496
4611396575963906048
4611686018427387904
4665448688180854997
4680365912744787968
4957337289841442816
5763269690113654832
6151729071780414600
6191698896291190135
6890786708514701312
6911052908146501632
6913113365858529280
9219145445438128128
9221345628334604480
9223372036854775808
9223372036854775808
9223372036854775808
9223372036854775808
9223565619620741120
10308472773747470880
11529355783556825088
12249790989366986752
12249977906276597760
12249977907447840512
12249983413683672235
12610089953726035215
12612347250483417328
12682400433465982976
12715158118967803904
12826532114216263680
12907456968884494336
13893605331474317312
13893640515846406144
14699749187160375296
14699749187202580480
14757170082439168000
14843864374094856192
14960693526088693566
14968290455383494139
14978690886466064335
14986361057029685248
15938802910968348868
16861681514037903360
17280030313232266227
17361517575879524352
17361603939081974259
17361622793988388640
17361922982137561088
17542378219757428723
17657196903075631343
17692652821262563080
17800668843563545007
17801197750263821303
17804962775839801344
17856218369501940744
17856504241958483919
18014671188365672448
18014673527109582848
18014674624339509248
18059709933418446848
18086561244856229888
18086587678534467488
18247390332003876928
18248516149230436352
18248569128711356416
18375518854276841659