toyStore.obj

Levels: 7
SVO Size: 
[0]: 1
[1]: 8
[2]: 60
[3]: 362
[4]: 1735
[5]: 7910
SVO (without materials) Memory Size: 201904 (197.171875 KB)
Moxel DAG Memory Size: 93096 (90.914062 KB)
Optimized Moxel DAG Memory Size: 76832 (75.031250 KB)
Regular DAG Memory Size: 68808 (67.195312 KB)

Number of FilledVoxels: 159828

Moxel Table Size: 2557248 (2.438782 MB)
toyStore.obj

Levels: 8
SVO Size: 
[0]: 1
[1]: 8
[2]: 58
[3]: 358
[4]: 1724
[5]: 7762
[6]: 37287
SVO (without materials) Memory Size: 932600 (910.742188 KB)
Moxel DAG Memory Size: 295024 (288.109375 KB)
Optimized Moxel DAG Memory Size: 260640 (254.531250 KB)
Regular DAG Memory Size: 215872 (210.812500 KB)

Number of FilledVoxels: 648756

Moxel Table Size: 10380096 (9.899231 MB)
toyStore.obj

Levels: 9
SVO Size: 
[0]: 1
[1]: 8
[2]: 58
[3]: 357
[4]: 1714
[5]: 7653
[6]: 36597
[7]: 150845
SVO (without materials) Memory Size: 4175592 (3.982155 MB)
Moxel DAG Memory Size: 954304 (931.937500 KB)
Optimized Moxel DAG Memory Size: 857656 (837.554688 KB)
Regular DAG Memory Size: 688360 (672.226562 KB)

Number of FilledVoxels: 2538311

Moxel Table Size: 40612976 (38.731552 MB)
toyStore.obj

Levels: 10
SVO Size: 
[0]: 1
[1]: 8
[2]: 58
[3]: 357
[4]: 1708
[5]: 7583
[6]: 36188
[7]: 148932
[8]: 622763
SVO (without materials) Memory Size: 17451544 (16.643089 MB)
Moxel DAG Memory Size: 3299224 (3.146385 MB)
Optimized Moxel DAG Memory Size: 2966048 (2.828644 MB)
Regular DAG Memory Size: 2324248 (2.216576 MB)

Number of FilledVoxels: 10276873

Moxel Table Size: 164429968 (156.812637 MB)
