************************************************************************
************************************************************************

Voxels constructor boundingBox: 
mins: <-12.500000, -12.500000, -12.500000>, maxs: <12.500000, 12.500000, 12.500000>

Number of 64bit ints allocated: 32768
sizeof(uint64_t) 8
FILENAME: buddha
levels: 7
Number of leaf nodes: 32768
		Time DAG Building: 14.8338 ms
		Time Raytracing: 7849.58 ms

************************************************************************
************************************************************************



************************************************************************
************************************************************************

Voxels constructor boundingBox: 
mins: <-12.500000, -12.500000, -12.500000>, maxs: <12.500000, 12.500000, 12.500000>

Number of 64bit ints allocated: 262144
sizeof(uint64_t) 8
FILENAME: buddha
levels: 8
Number of leaf nodes: 262144
		Time DAG Building: 216.021 ms
		Time Raytracing: 8851.19 ms

************************************************************************
************************************************************************



************************************************************************
************************************************************************

Voxels constructor boundingBox: 
mins: <-12.500000, -12.500000, -12.500000>, maxs: <12.500000, 12.500000, 12.500000>

Number of 64bit ints allocated: 2097152
sizeof(uint64_t) 8
FILENAME: buddha
levels: 9
Number of leaf nodes: 2097152
		Time DAG Building: 2478.49 ms
		Time Raytracing: 9840.83 ms

************************************************************************
************************************************************************



************************************************************************
************************************************************************

Voxels constructor boundingBox: 
mins: <-12.500000, -12.500000, -12.500000>, maxs: <12.500000, 12.500000, 12.500000>

Number of 64bit ints allocated: 16777216
sizeof(uint64_t) 8
FILENAME: buddha
levels: 10
Number of leaf nodes: 16777216
		Time DAG Building: 34606.2 ms
		Time Raytracing: 8911.52 ms

************************************************************************
************************************************************************



