************************************************************************
************************************************************************

Voxels constructor boundingBox: 
mins: <-12.500000, -12.500000, -12.500000>, maxs: <12.500000, 12.500000, 12.500000>

Number of 64bit ints allocated: 32768
sizeof(uint64_t) 8
FILENAME: cornellBox
levels: 7
Number of leaf nodes: 32768
		Time DAG Building: 20.9792 ms
		Time Raytracing: 7717.1 ms

************************************************************************
************************************************************************



************************************************************************
************************************************************************

Voxels constructor boundingBox: 
mins: <-12.500000, -12.500000, -12.500000>, maxs: <12.500000, 12.500000, 12.500000>

Number of 64bit ints allocated: 262144
sizeof(uint64_t) 8
FILENAME: cornellBox
levels: 8
Number of leaf nodes: 262144
		Time DAG Building: 348.105 ms
		Time Raytracing: 8923.98 ms

************************************************************************
************************************************************************



************************************************************************
************************************************************************

Voxels constructor boundingBox: 
mins: <-12.500000, -12.500000, -12.500000>, maxs: <12.500000, 12.500000, 12.500000>

Number of 64bit ints allocated: 2097152
sizeof(uint64_t) 8
FILENAME: cornellBox
levels: 9
Number of leaf nodes: 2097152
		Time DAG Building: 3602.79 ms
		Time Raytracing: 9383.07 ms

************************************************************************
************************************************************************



************************************************************************
************************************************************************

Voxels constructor boundingBox: 
mins: <-12.500000, -12.500000, -12.500000>, maxs: <12.500000, 12.500000, 12.500000>

Number of 64bit ints allocated: 16777216
sizeof(uint64_t) 8
FILENAME: cornellBox
levels: 10
Number of leaf nodes: 16777216
		Time DAG Building: 44123.3 ms
		Time Raytracing: 8497.97 ms

************************************************************************
************************************************************************



