************************************************************************
************************************************************************

buddha.obj

Levels: 7
		Time Voxelization: 1648.55 ms
SVO Size: 
[0]: 1
[1]: 8
[2]: 56
[3]: 318
[4]: 1632
[5]: 7012
SVO (without materials) Memory Size: 185056 (180.718750 KB)
		Time SVO Building: 0.269506 ms
SVO (with materials) Memory Size: 13799029258265149280 (1.859222 MB)
Moxel DAG Memory Size: 40064 (39.125000 KB)
Optimized Moxel DAG Memory Size: 32920 (32.148438 KB)
Regular DAG Memory Size: 29456 (28.765625 KB)
		Time Moxel DAG Building: 78.4337 ms

Number of FilledVoxels: 121846

Moxel Table Size: 1949536 (1.859222 MB)
		Time Moxel Table Building: 332.891 ms
		Time Raytracing: 13098.6 ms

************************************************************************
************************************************************************



************************************************************************
************************************************************************

buddha.obj

Levels: 8
		Time Voxelization: 3890.19 ms
SVO Size: 
[0]: 1
[1]: 8
[2]: 56
[3]: 318
[4]: 1625
[5]: 6976
[6]: 29112
SVO (without materials) Memory Size: 807872 (788.937500 KB)
		Time SVO Building: 1.27534 ms
SVO (with materials) Memory Size: 322590706482962 (7.484148 MB)
Moxel DAG Memory Size: 146600 (143.164062 KB)
Optimized Moxel DAG Memory Size: 129808 (126.765625 KB)
Regular DAG Memory Size: 107192 (104.679688 KB)
		Time Moxel DAG Building: 736.176 ms

Number of FilledVoxels: 486385

Moxel Table Size: 7782160 (7.421646 MB)
		Time Moxel Table Building: 3034.93 ms
		Time Raytracing: 14190.3 ms

************************************************************************
************************************************************************



************************************************************************
************************************************************************

buddha.obj

Levels: 9
		Time Voxelization: 10586.6 ms
SVO Size: 
[0]: 1
[1]: 8
[2]: 56
[3]: 317
[4]: 1623
[5]: 6955
[6]: 28986
[7]: 119376
SVO (without materials) Memory Size: 3383552 (3.226807 MB)
		Time SVO Building: 16.0239 ms
SVO (with materials) Memory Size: 31031168 (29.593628 MB)
Moxel DAG Memory Size: 554696 (541.695312 KB)
Optimized Moxel DAG Memory Size: 499032 (487.335938 KB)
Regular DAG Memory Size: 398600 (389.257812 KB)
		Time Moxel DAG Building: 7800.22 ms

Number of FilledVoxels: 1939448

Moxel Table Size: 31031168 (29.593628 MB)
		Time Moxel Table Building: 26089.1 ms
		Time Raytracing: 13303.5 ms

************************************************************************
************************************************************************



************************************************************************
************************************************************************

buddha.obj

Levels: 10
		Time Voxelization: 51633.5 ms
SVO Size: 
[0]: 1
[1]: 8
[2]: 56
[3]: 317
[4]: 1623
[5]: 6945
[6]: 28923
[7]: 119066
[8]: 481198
SVO (without materials) Memory Size: 13893680 (13.250046 MB)
		Time SVO Building: 147.227 ms
SVO (with materials) Memory Size: 124030896 (118.285080 MB)
Moxel DAG Memory Size: 2060632 (1.965172 MB)
Optimized Moxel DAG Memory Size: 1849136 (1.763474 MB)
Regular DAG Memory Size: 1437040 (1.370468 MB)
		Time Moxel DAG Building: 79714.4 ms

Number of FilledVoxels: 7751931

Moxel Table Size: 124030896 (118.285080 MB)
		Time Moxel Table Building: 216984 ms
		Time Raytracing: 14076.1 ms

************************************************************************
************************************************************************



