************************************************************************
************************************************************************

Voxels constructor boundingBox: 
mins: <-12.500000, -12.500000, -12.500000>, maxs: <12.500000, 12.500000, 12.500000>

Number of 64bit ints allocated: 32768
sizeof(uint64_t) 8
FILENAME: bunny
levels: 7
Number of leaf nodes: 32768
		Time DAG Building: 22.1389 ms
		Time Raytracing: 8176.06 ms

************************************************************************
************************************************************************



************************************************************************
************************************************************************

Voxels constructor boundingBox: 
mins: <-12.500000, -12.500000, -12.500000>, maxs: <12.500000, 12.500000, 12.500000>

Number of 64bit ints allocated: 262144
sizeof(uint64_t) 8
FILENAME: bunny
levels: 8
Number of leaf nodes: 262144
		Time DAG Building: 290.587 ms
		Time Raytracing: 9110.55 ms

************************************************************************
************************************************************************



************************************************************************
************************************************************************

Voxels constructor boundingBox: 
mins: <-12.500000, -12.500000, -12.500000>, maxs: <12.500000, 12.500000, 12.500000>

Number of 64bit ints allocated: 2097152
sizeof(uint64_t) 8
FILENAME: bunny
levels: 9
Number of leaf nodes: 2097152
		Time DAG Building: 3150.96 ms
		Time Raytracing: 9386.8 ms

************************************************************************
************************************************************************



************************************************************************
************************************************************************

Voxels constructor boundingBox: 
mins: <-12.500000, -12.500000, -12.500000>, maxs: <12.500000, 12.500000, 12.500000>

Number of 64bit ints allocated: 16777216
sizeof(uint64_t) 8
FILENAME: bunny
levels: 10
Number of leaf nodes: 16777216
		Time DAG Building: 40388.2 ms
		Time Raytracing: 11497.7 ms

************************************************************************
************************************************************************



