************************************************************************
************************************************************************

Voxels constructor boundingBox: 
mins: <-12.788726, -12.788726, -12.788726>, maxs: <12.788726, 12.788726, 12.788726>

Number of 64bit ints allocated: 32768
sizeof(uint64_t) 8
FILENAME: toyStore
levels: 7
Number of leaf nodes: 32768
		Time DAG Building: 32.2322 ms
		Time Raytracing: 12486.6 ms

************************************************************************
************************************************************************



************************************************************************
************************************************************************

Voxels constructor boundingBox: 
mins: <-12.788726, -12.788726, -12.788726>, maxs: <12.788726, 12.788726, 12.788726>

Number of 64bit ints allocated: 262144
sizeof(uint64_t) 8
FILENAME: toyStore
levels: 8
Number of leaf nodes: 262144
		Time DAG Building: 462.407 ms
		Time Raytracing: 14467.2 ms

************************************************************************
************************************************************************



************************************************************************
************************************************************************

Voxels constructor boundingBox: 
mins: <-12.788726, -12.788726, -12.788726>, maxs: <12.788726, 12.788726, 12.788726>

Number of 64bit ints allocated: 2097152
sizeof(uint64_t) 8
FILENAME: toyStore
levels: 9
Number of leaf nodes: 2097152
		Time DAG Building: 5020.31 ms
		Time Raytracing: 14418.6 ms

************************************************************************
************************************************************************



************************************************************************
************************************************************************

Voxels constructor boundingBox: 
mins: <-12.788726, -12.788726, -12.788726>, maxs: <12.788726, 12.788726, 12.788726>

Number of 64bit ints allocated: 16777216
sizeof(uint64_t) 8
FILENAME: toyStore
levels: 10
Number of leaf nodes: 16777216
		Time DAG Building: 70129.9 ms
		Time Raytracing: 15264.9 ms

************************************************************************
************************************************************************



