************************************************************************
************************************************************************

bunny.obj

Levels: 7
		Time Voxelization: 885.84 ms
SVO Size: 
[0]: 1
[1]: 8
[2]: 59
[3]: 352
[4]: 1760
[5]: 7547
SVO (without materials) Memory Size: 199896 (195.210938 KB)
		Time SVO Building: 0.285149 ms
SVO (with materials) Memory Size: 4458923919763603630 (992.031433 MB)
Moxel DAG Memory Size: 58720 (57.343750 KB)
Optimized Moxel DAG Memory Size: 48056 (46.929688 KB)
Regular DAG Memory Size: 42832 (41.828125 KB)
		Time Moxel DAG Building: 94.5228 ms

Number of FilledVoxels: 127888

Moxel Table Size: 2046208 (1.951416 MB)
		Time Moxel Table Building: 328.773 ms
		Time Raytracing: 13726.7 ms

************************************************************************
************************************************************************



************************************************************************
************************************************************************

bunny.obj

Levels: 8
		Time Voxelization: 2700.44 ms
SVO Size: 
[0]: 1
[1]: 8
[2]: 59
[3]: 352
[4]: 1759
[5]: 7536
[6]: 31295
SVO (without materials) Memory Size: 872120 (851.679688 KB)
		Time SVO Building: 2.42886 ms
SVO (with materials) Memory Size: 11529215046076674859 (7.824992 MB)
Moxel DAG Memory Size: 206944 (202.093750 KB)
Optimized Moxel DAG Memory Size: 181944 (177.679688 KB)
Regular DAG Memory Size: 148264 (144.789062 KB)
		Time Moxel DAG Building: 858.695 ms

Number of FilledVoxels: 512257

Moxel Table Size: 8196112 (7.816422 MB)
		Time Moxel Table Building: 3276.39 ms
		Time Raytracing: 14685.1 ms

************************************************************************
************************************************************************



************************************************************************
************************************************************************

bunny.obj

Levels: 9
		Time Voxelization: 10596 ms
SVO Size: 
[0]: 1
[1]: 8
[2]: 59
[3]: 352
[4]: 1758
[5]: 7532
[6]: 31265
[7]: 127325
SVO (without materials) Memory Size: 3641000 (3.472328 MB)
		Time SVO Building: 16.1944 ms
SVO (with materials) Memory Size: 32839568 (31.318253 MB)
Moxel DAG Memory Size: 734576 (717.359375 KB)
Optimized Moxel DAG Memory Size: 654568 (639.226562 KB)
Regular DAG Memory Size: 510824 (498.851562 KB)
		Time Moxel DAG Building: 8652.59 ms

Number of FilledVoxels: 2052473

Moxel Table Size: 32839568 (31.318253 MB)
		Time Moxel Table Building: 26456.5 ms
		Time Raytracing: 14396.1 ms

************************************************************************
************************************************************************



************************************************************************
************************************************************************

bunny.obj

Levels: 10
		Time Voxelization: 49438.1 ms
SVO Size: 
[0]: 1
[1]: 8
[2]: 59
[3]: 352
[4]: 1758
[5]: 7531
[6]: 31263
[7]: 127296
[8]: 511635
SVO (without materials) Memory Size: 14862232 (14.173729 MB)
		Time SVO Building: 129.667 ms
SVO (with materials) Memory Size: 4458923919893063966 (1.089350 GB)
Moxel DAG Memory Size: 2603632 (2.483017 MB)
Optimized Moxel DAG Memory Size: 2315360 (2.208099 MB)
Regular DAG Memory Size: 1755088 (1.673782 MB)
		Time Moxel DAG Building: 87002.9 ms

Number of FilledVoxels: 8219159

Moxel Table Size: 131506544 (125.414413 MB)
		Time Moxel Table Building: 219316 ms
		Time Raytracing: 15374.7 ms

************************************************************************
************************************************************************



